<?xml version="1.0" encoding="UTF-8"?>
<testsuites name="Tests_prueba" time="194.397" tests="3" failures="0" errors="0">
   <testsuite name="Tests_prueba" tests="3" failures="0" errors="0" time="194.397" skipped="0" timestamp="2023-11-16 15:13:07" hostname="abautite - NTTD-5G3XBS3" id="Test Suites/Tests_prueba">
      <properties>
         <property name="deviceName" value=""/>
         <property name="devicePlatform" value=""/>
         <property name="logFolder" value="C:\\Users\\abautite\\Katalon Studio\\Prueba Automatizacion\\Reports\\20231116_151302\\Tests_prueba\\20231116_151302"/>
         <property name="logFiles" value="C:\\Users\\abautite\\Katalon Studio\\Prueba Automatizacion\\Reports\\20231116_151302\\Tests_prueba\\20231116_151302\\execution0.log"/>
         <property name="attachments" value=""/>
         <property name="hostName" value="abautite - NTTD-5G3XBS3"/>
         <property name="os" value="Windows 10 64bit"/>
         <property name="katalonVersion" value="9.0.0.212"/>
         <property name="browser" value="Chrome 119.0.0.0"/>
         <property name="hostAddress" value="192.168.1.100"/>
         <property name="sessionId" value="e2c5b2ba9a63d317e036f1196faf4d61"/>
         <property name="seleniumVersion" value="3.141.59"/>
         <property name="proxyInformation" value="ProxyInformation { proxyOption=NO_PROXY, proxyServerType=HTTP, username=, password=********, proxyServerAddress=, proxyServerPort=0, executionList=&quot;&quot;, isApplyToDesiredCapabilities=true }"/>
         <property name="platform" value="Windows 10"/>
      </properties>
      <testcase name="Test Cases/Test_1" time="63.871" classname="Test Cases/Test_1" status="PASSED">
         <system-out><![CDATA[2023-11-16 15:13:07 - [TEST_CASE][PASSED] - Test Cases/Test_1: Test Cases/Test_1

2023-11-16 15:13:07 - [TEST_STEP][PASSED] - com.helper.general.General.setup("https://www.google.es"): com.helper.general.General.setup is PASSED

2023-11-16 15:13:07 - [MESSAGE][INFO] - Starting 'Chrome' driver

2023-11-16 15:13:07 - [MESSAGE][INFO] - Action delay is set to 0 milliseconds

2023-11-16 15:13:10 - [MESSAGE][PASSED] - Browser is opened with url: 'https://www.google.es'

2023-11-16 15:13:10 - [MESSAGE][PASSED] - Current window maximized

2023-11-16 15:13:11 - [MESSAGE][PASSED] - Wait for page load successfully

2023-11-16 15:13:11 - [MESSAGE][PASSED] - com.helper.general.General.setup is PASSED

2023-11-16 15:13:11 - [TEST_STEP][PASSED] - callTestCase(findTestCase("Test_1/Google_search"), [:], STOP_ON_FAILURE): Call Test Case 'Test Cases/Test_1/Google_search' successfully

2023-11-16 15:13:11 - [TEST_CASE][PASSED] - Test Cases/Test_1/Google_search: Test Cases/Test_1/Google_search

2023-11-16 15:13:11 - [TEST_STEP][PASSED] - aceptar_cookies = verifyElementClickable(findTestObject("Google/Main/Page_Google/div_Aceptar todo")): Object 'Object Repository/Google/Main/Page_Google/div_Aceptar todo' is clickable

2023-11-16 15:13:11 - [MESSAGE][PASSED] - Object 'Object Repository/Google/Main/Page_Google/div_Aceptar todo' is clickable

2023-11-16 15:13:11 - [TEST_STEP][PASSED] - if (aceptar_cookies): Object: 'Object Repository/Google/Main/Page_Google/div_Aceptar todo' is clicked on

2023-11-16 15:13:11 - [TEST_STEP][PASSED] - click(findTestObject("Google/Main/Page_Google/div_Aceptar todo")): Object: 'Object Repository/Google/Main/Page_Google/div_Aceptar todo' is clicked on

2023-11-16 15:13:12 - [MESSAGE][PASSED] - Object: 'Object Repository/Google/Main/Page_Google/div_Aceptar todo' is clicked on

2023-11-16 15:13:12 - [TEST_STEP][PASSED] - sendKeys(findTestObject("Google/Main/Page_Google/textarea__q"), producto): Keys 'Compresor eléctrico' sent to object: 'Object Repository/Google/Main/Page_Google/textarea__q'

2023-11-16 15:13:12 - [MESSAGE][PASSED] - Keys 'Compresor eléctrico' sent to object: 'Object Repository/Google/Main/Page_Google/textarea__q'

2023-11-16 15:13:12 - [TEST_STEP][PASSED] - submit(findTestObject("Google/Main/Page_Google/textarea__q")): The form containing object: 'Object Repository/Google/Main/Page_Google/textarea__q' is submitted

2023-11-16 15:13:13 - [MESSAGE][PASSED] - The form containing object: 'Object Repository/Google/Main/Page_Google/textarea__q' is submitted

2023-11-16 15:13:13 - [TEST_STEP][PASSED] - click(findTestObject("Google/Search_results/Page_compresor electrico - Buscar con Google/h3_Compresores de aire Bricolaje y herramientas")): Object: 'Object Repository/Google/Search_results/Page_compresor electrico - Buscar con Google/h3_Compresores de aire Bricolaje y herramientas' is clicked on

2023-11-16 15:13:19 - [MESSAGE][PASSED] - Object: 'Object Repository/Google/Search_results/Page_compresor electrico - Buscar con Google/h3_Compresores de aire Bricolaje y herramientas' is clicked on

2023-11-16 15:13:19 - [MESSAGE][PASSED] - Call Test Case 'Test Cases/Test_1/Google_search' successfully

2023-11-16 15:13:19 - [TEST_STEP][PASSED] - callTestCase(findTestCase("Test_1/Amazon_cookies"), [:], STOP_ON_FAILURE): Call Test Case 'Test Cases/Test_1/Amazon_cookies' successfully

2023-11-16 15:13:19 - [TEST_CASE][PASSED] - Test Cases/Test_1/Amazon_cookies: Test Cases/Test_1/Amazon_cookies

2023-11-16 15:13:20 - [TEST_STEP][PASSED] - cookies = verifyElementClickable(findTestObject("Amazon/General/Page_Amazon.es Compresores de aire Bricolaje y herramientas/input_Se ha producido un problema al guardar tus preferencias de cookies. Intntalo de nuevo_accept")): Object 'Object Repository/Amazon/General/Page_Amazon.es Compresores de aire Bricolaje y herramientas/input_Se ha producido un problema al guardar tus preferencias de cookies. Intntalo de nuevo_accept' is clickable

2023-11-16 15:13:20 - [MESSAGE][PASSED] - Object 'Object Repository/Amazon/General/Page_Amazon.es Compresores de aire Bricolaje y herramientas/input_Se ha producido un problema al guardar tus preferencias de cookies. Intntalo de nuevo_accept' is clickable

2023-11-16 15:13:20 - [TEST_STEP][PASSED] - if (cookies): Object: 'Object Repository/Amazon/General/Page_Amazon.es Compresores de aire Bricolaje y herramientas/input_Se ha producido un problema al guardar tus preferencias de cookies. Intntalo de nuevo_accept' is clicked on

2023-11-16 15:13:20 - [TEST_STEP][PASSED] - click(findTestObject("Amazon/General/Page_Amazon.es Compresores de aire Bricolaje y herramientas/input_Se ha producido un problema al guardar tus preferencias de cookies. Intntalo de nuevo_accept")): Object: 'Object Repository/Amazon/General/Page_Amazon.es Compresores de aire Bricolaje y herramientas/input_Se ha producido un problema al guardar tus preferencias de cookies. Intntalo de nuevo_accept' is clicked on

2023-11-16 15:13:21 - [MESSAGE][PASSED] - Object: 'Object Repository/Amazon/General/Page_Amazon.es Compresores de aire Bricolaje y herramientas/input_Se ha producido un problema al guardar tus preferencias de cookies. Intntalo de nuevo_accept' is clicked on

2023-11-16 15:13:21 - [MESSAGE][PASSED] - Call Test Case 'Test Cases/Test_1/Amazon_cookies' successfully

2023-11-16 15:13:21 - [TEST_STEP][PASSED] - callTestCase(findTestCase("Test_1/Amazon_results"), [:], STOP_ON_FAILURE): Call Test Case 'Test Cases/Test_1/Amazon_results' successfully

2023-11-16 15:13:21 - [TEST_CASE][PASSED] - Test Cases/Test_1/Amazon_results: Test Cases/Test_1/Amazon_results

2023-11-16 15:13:21 - [TEST_STEP][PASSED] - compresor_exists = verifyElementClickable(findTestObject("Amazon/Results/A_1_Compresor")): Object 'Object Repository/Amazon/Results/A_1_Compresor' is clickable

2023-11-16 15:13:21 - [MESSAGE][PASSED] - Object 'Object Repository/Amazon/Results/A_1_Compresor' is clickable

2023-11-16 15:13:21 - [TEST_STEP][PASSED] - if (compresor_exists): Object: 'Object Repository/Amazon/Results/A_1_Compresor' is clicked on

2023-11-16 15:13:21 - [TEST_STEP][PASSED] - click(findTestObject("Amazon/Results/A_1_Compresor")): Object: 'Object Repository/Amazon/Results/A_1_Compresor' is clicked on

2023-11-16 15:13:26 - [MESSAGE][PASSED] - Object: 'Object Repository/Amazon/Results/A_1_Compresor' is clicked on

2023-11-16 15:13:26 - [MESSAGE][PASSED] - Call Test Case 'Test Cases/Test_1/Amazon_results' successfully

2023-11-16 15:13:26 - [TEST_STEP][PASSED] - callTestCase(findTestCase("Test_1/Amazon_product_getData"), [:], STOP_ON_FAILURE): Call Test Case 'Test Cases/Test_1/Amazon_product_getData' successfully

2023-11-16 15:13:26 - [TEST_CASE][PASSED] - Test Cases/Test_1/Amazon_product_getData: Test Cases/Test_1/Amazon_product_getData

2023-11-16 15:13:26 - [TEST_STEP][PASSED] - price_whole = getText(findTestObject("Amazon/Product_page/Price_whole")): Text of object 'Object Repository/Amazon/Product_page/Price_whole' is: '13'

2023-11-16 15:13:27 - [MESSAGE][PASSED] - Text of object 'Object Repository/Amazon/Product_page/Price_whole' is: '13'

2023-11-16 15:13:27 - [TEST_STEP][PASSED] - price_fraction = getText(findTestObject("Amazon/Product_page/Price-fraction")): Text of object 'Object Repository/Amazon/Product_page/Price-fraction' is: '98'

2023-11-16 15:13:28 - [MESSAGE][PASSED] - Text of object 'Object Repository/Amazon/Product_page/Price-fraction' is: '98'

2023-11-16 15:13:28 - [TEST_STEP][PASSED] - delivery_date = getText(findTestObject("Amazon/Product_page/Delivery_date")): Text of object 'Object Repository/Amazon/Product_page/Delivery_date' is: 'miércoles, 22 de noviembre'

2023-11-16 15:13:30 - [MESSAGE][PASSED] - Text of object 'Object Repository/Amazon/Product_page/Delivery_date' is: 'miércoles, 22 de noviembre'

2023-11-16 15:13:30 - [TEST_STEP][PASSED] - println(price_whole + "'" + price_fraction): null

2023-11-16 15:13:30 - [TEST_STEP][PASSED] - println(delivery_date): null

2023-11-16 15:13:30 - [MESSAGE][PASSED] - Call Test Case 'Test Cases/Test_1/Amazon_product_getData' successfully

2023-11-16 15:13:30 - [TEST_STEP][PASSED] - callTestCase(findTestCase("Test_1/Amazon_search_product"), [:], STOP_ON_FAILURE): Call Test Case 'Test Cases/Test_1/Amazon_search_product' successfully

2023-11-16 15:13:30 - [TEST_CASE][PASSED] - Test Cases/Test_1/Amazon_search_product: Test Cases/Test_1/Amazon_search_product

2023-11-16 15:13:30 - [TEST_STEP][PASSED] - setText(findTestObject("Amazon/Search Again/Page_TROTEC Compresor de batera PCPS 10-16V y Bomba de aire de batera PCPS 11-16V  Amazon.es Bricolaje y herramientas/input_Buscar Amazon.es_field-keywords"), producto): Text 'Compresor eléctrico' is set on object 'Object Repository/Amazon/Search Again/Page_TROTEC Compresor de batera PCPS 10-16V y Bomba de aire de batera PCPS 11-16V  Amazon.es Bricolaje y herramientas/input_Buscar Amazon.es_field-keywords'

2023-11-16 15:13:31 - [MESSAGE][PASSED] - Text 'Compresor eléctrico' is set on object 'Object Repository/Amazon/Search Again/Page_TROTEC Compresor de batera PCPS 10-16V y Bomba de aire de batera PCPS 11-16V  Amazon.es Bricolaje y herramientas/input_Buscar Amazon.es_field-keywords'

2023-11-16 15:13:31 - [TEST_STEP][PASSED] - submit(findTestObject("Amazon/Search Again/Page_TROTEC Compresor de batera PCPS 10-16V y Bomba de aire de batera PCPS 11-16V  Amazon.es Bricolaje y herramientas/input_Buscar Amazon.es_field-keywords")): The form containing object: 'Object Repository/Amazon/Search Again/Page_TROTEC Compresor de batera PCPS 10-16V y Bomba de aire de batera PCPS 11-16V  Amazon.es Bricolaje y herramientas/input_Buscar Amazon.es_field-keywords' is submitted

2023-11-16 15:13:34 - [MESSAGE][PASSED] - The form containing object: 'Object Repository/Amazon/Search Again/Page_TROTEC Compresor de batera PCPS 10-16V y Bomba de aire de batera PCPS 11-16V  Amazon.es Bricolaje y herramientas/input_Buscar Amazon.es_field-keywords' is submitted

2023-11-16 15:13:34 - [MESSAGE][PASSED] - Call Test Case 'Test Cases/Test_1/Amazon_search_product' successfully

2023-11-16 15:13:34 - [TEST_STEP][PASSED] - callTestCase(findTestCase("Test_1/Amazon_filter"), [:], STOP_ON_FAILURE): Call Test Case 'Test Cases/Test_1/Amazon_filter' successfully

2023-11-16 15:13:34 - [TEST_CASE][PASSED] - Test Cases/Test_1/Amazon_filter: Test Cases/Test_1/Amazon_filter

2023-11-16 15:13:34 - [TEST_STEP][PASSED] - click(findTestObject("Amazon/Search Again/Page_Amazon.es  Compresor elctrico/i_Con derecho a envo gratis_a-icon a-icon-checkbox")): Object: 'Object Repository/Amazon/Search Again/Page_Amazon.es  Compresor elctrico/i_Con derecho a envo gratis_a-icon a-icon-checkbox' is clicked on

2023-11-16 15:13:35 - [MESSAGE][PASSED] - Object: 'Object Repository/Amazon/Search Again/Page_Amazon.es  Compresor elctrico/i_Con derecho a envo gratis_a-icon a-icon-checkbox' is clicked on

2023-11-16 15:13:35 - [TEST_STEP][PASSED] - click(findTestObject("Amazon/Search Again/Page_Amazon.es  Compresor elctrico/span_Ordenar porDestacados")): Object: 'Object Repository/Amazon/Search Again/Page_Amazon.es  Compresor elctrico/span_Ordenar porDestacados' is clicked on

2023-11-16 15:14:06 - [MESSAGE][INFO] - Unable to find the element located by 'By.xpath: //span[@id='a-autoid-0-announce']'. Please recheck the objects properties to make sure the desired element is located. 

2023-11-16 15:14:06 - [MESSAGE][WARNING] - [SELF-HEALING] Failed to find element with id 'Object Repository/Amazon/Search Again/Page_Amazon.es  Compresor elctrico/span_Ordenar porDestacados'. Try using Self-healing.

2023-11-16 15:14:07 - [MESSAGE][WARNING] - [SELF-HEALING] The current locator of test object 'Object Repository/Amazon/Search Again/Page_Amazon.es  Compresor elctrico/span_Ordenar porDestacados' was broken. Propose an alternative one: '//span/span/span/span'.

2023-11-16 15:14:07 - [MESSAGE][PASSED] - Object: 'Object Repository/Amazon/Search Again/Page_Amazon.es  Compresor elctrico/span_Ordenar porDestacados' is clicked on

2023-11-16 15:14:07 - [TEST_STEP][PASSED] - click(findTestObject("Amazon/Search Again/Page_Amazon.es  Compresor elctrico/a_Precio De menor a mayor")): Object: 'Object Repository/Amazon/Search Again/Page_Amazon.es  Compresor elctrico/a_Precio De menor a mayor' is clicked on

2023-11-16 15:14:08 - [MESSAGE][PASSED] - Object: 'Object Repository/Amazon/Search Again/Page_Amazon.es  Compresor elctrico/a_Precio De menor a mayor' is clicked on

2023-11-16 15:14:08 - [MESSAGE][INFO] - 

2023-11-16 15:14:08 - [MESSAGE][INFO] - ===================== Self-healing Report ====================

2023-11-16 15:14:08 - [MESSAGE][INFO] - One of the failed test object locators has been recovered by Self-healing. Please refer to the Self-healing Insights tab for more details.

2023-11-16 15:14:08 - [MESSAGE][INFO] - To learn more about Self-healing, please read https://docs.katalon.com/katalon-studio/docs/self-healing.html

2023-11-16 15:14:08 - [MESSAGE][INFO] - ==============================================================

2023-11-16 15:14:08 - [MESSAGE][PASSED] - Call Test Case 'Test Cases/Test_1/Amazon_filter' successfully

2023-11-16 15:14:08 - [TEST_STEP][PASSED] - callTestCase(findTestCase("Test_1/Amazon-search_results_getData"), [:], STOP_ON_FAILURE): Call Test Case 'Test Cases/Test_1/Amazon-search_results_getData' successfully

2023-11-16 15:14:08 - [TEST_CASE][PASSED] - Test Cases/Test_1/Amazon-search_results_getData: Test Cases/Test_1/Amazon-search_results_getData

2023-11-16 15:14:08 - [TEST_STEP][PASSED] - name = findWebElements(findTestObject("Object Repository/Amazon/Search Again/result_products_title"), 30): Found web elements by test object Object Repository/Amazon/Search Again/result_products_title

2023-11-16 15:14:10 - [MESSAGE][PASSED] - Found web elements by test object Object Repository/Amazon/Search Again/result_products_title

2023-11-16 15:14:10 - [TEST_STEP][PASSED] - print(name): null

2023-11-16 15:14:10 - [TEST_STEP][PASSED] - delivery_date = findWebElements(findTestObject("Amazon/Search Again/result_products_delivery_date"), 30): Found web elements by test object Object Repository/Amazon/Search Again/result_products_delivery_date

2023-11-16 15:14:10 - [MESSAGE][PASSED] - Found web elements by test object Object Repository/Amazon/Search Again/result_products_delivery_date

2023-11-16 15:14:10 - [TEST_STEP][PASSED] - print(delivery_date): null

2023-11-16 15:14:10 - [MESSAGE][INFO] - 

2023-11-16 15:14:10 - [MESSAGE][INFO] - ===================== Self-healing Report ====================

2023-11-16 15:14:10 - [MESSAGE][INFO] - One of the failed test object locators has been recovered by Self-healing. Please refer to the Self-healing Insights tab for more details.

2023-11-16 15:14:10 - [MESSAGE][INFO] - To learn more about Self-healing, please read https://docs.katalon.com/katalon-studio/docs/self-healing.html

2023-11-16 15:14:10 - [MESSAGE][INFO] - ==============================================================

2023-11-16 15:14:10 - [MESSAGE][PASSED] - Call Test Case 'Test Cases/Test_1/Amazon-search_results_getData' successfully

2023-11-16 15:14:10 - [TEST_STEP][PASSED] - com.helper.general.General.tearDown(): com.helper.general.General.tearDown is PASSED

2023-11-16 15:14:11 - [MESSAGE][PASSED] - Browser is closed

2023-11-16 15:14:11 - [MESSAGE][PASSED] - com.helper.general.General.tearDown is PASSED]]></system-out>
         <system-err><![CDATA[]]></system-err>
      </testcase>
      <testcase name="Test Cases/Test_2" time="106.348" classname="Test Cases/Test_2" status="PASSED">
         <system-out><![CDATA[2023-11-16 15:14:11 - [TEST_CASE][PASSED] - Test Cases/Test_2: Test Cases/Test_2

2023-11-16 15:14:11 - [TEST_STEP][PASSED] - com.helper.general.General.setup("https://www.amazon.es"): com.helper.general.General.setup is PASSED

2023-11-16 15:14:11 - [MESSAGE][INFO] - Starting 'Chrome' driver

2023-11-16 15:14:11 - [MESSAGE][INFO] - Action delay is set to 0 milliseconds

2023-11-16 15:14:14 - [MESSAGE][PASSED] - Browser is opened with url: 'https://www.amazon.es'

2023-11-16 15:14:14 - [MESSAGE][PASSED] - Current window maximized

2023-11-16 15:14:14 - [MESSAGE][PASSED] - Wait for page load successfully

2023-11-16 15:14:14 - [MESSAGE][PASSED] - com.helper.general.General.setup is PASSED

2023-11-16 15:14:14 - [TEST_STEP][PASSED] - callTestCase(findTestCase("Test_1/Amazon_cookies"), [:], STOP_ON_FAILURE): Call Test Case 'Test Cases/Test_1/Amazon_cookies' successfully

2023-11-16 15:14:14 - [TEST_CASE][PASSED] - Test Cases/Test_1/Amazon_cookies: Test Cases/Test_1/Amazon_cookies

2023-11-16 15:14:14 - [TEST_STEP][PASSED] - cookies = verifyElementClickable(findTestObject("Amazon/General/Page_Amazon.es Compresores de aire Bricolaje y herramientas/input_Se ha producido un problema al guardar tus preferencias de cookies. Intntalo de nuevo_accept")): Object 'Object Repository/Amazon/General/Page_Amazon.es Compresores de aire Bricolaje y herramientas/input_Se ha producido un problema al guardar tus preferencias de cookies. Intntalo de nuevo_accept' is clickable

2023-11-16 15:14:15 - [MESSAGE][PASSED] - Object 'Object Repository/Amazon/General/Page_Amazon.es Compresores de aire Bricolaje y herramientas/input_Se ha producido un problema al guardar tus preferencias de cookies. Intntalo de nuevo_accept' is clickable

2023-11-16 15:14:15 - [TEST_STEP][PASSED] - if (cookies): Object: 'Object Repository/Amazon/General/Page_Amazon.es Compresores de aire Bricolaje y herramientas/input_Se ha producido un problema al guardar tus preferencias de cookies. Intntalo de nuevo_accept' is clicked on

2023-11-16 15:14:15 - [TEST_STEP][PASSED] - click(findTestObject("Amazon/General/Page_Amazon.es Compresores de aire Bricolaje y herramientas/input_Se ha producido un problema al guardar tus preferencias de cookies. Intntalo de nuevo_accept")): Object: 'Object Repository/Amazon/General/Page_Amazon.es Compresores de aire Bricolaje y herramientas/input_Se ha producido un problema al guardar tus preferencias de cookies. Intntalo de nuevo_accept' is clicked on

2023-11-16 15:14:17 - [MESSAGE][PASSED] - Object: 'Object Repository/Amazon/General/Page_Amazon.es Compresores de aire Bricolaje y herramientas/input_Se ha producido un problema al guardar tus preferencias de cookies. Intntalo de nuevo_accept' is clicked on

2023-11-16 15:14:17 - [MESSAGE][PASSED] - Call Test Case 'Test Cases/Test_1/Amazon_cookies' successfully

2023-11-16 15:14:17 - [TEST_STEP][PASSED] - callTestCase(findTestCase("Test_2/Amazon_account"), [:], STOP_ON_FAILURE): Call Test Case 'Test Cases/Test_2/Amazon_account' successfully

2023-11-16 15:14:17 - [TEST_CASE][PASSED] - Test Cases/Test_2/Amazon_account: Test Cases/Test_2/Amazon_account

2023-11-16 15:14:17 - [TEST_STEP][PASSED] - mi_cuenta = verifyElementClickable(findTestObject("Amazon/Login/Page_Amazon.es compra online de electrnica, libros, deporte, hogar, moda y mucho ms/span_Cuenta y listas")): Object 'Object Repository/Amazon/Login/Page_Amazon.es compra online de electrnica, libros, deporte, hogar, moda y mucho ms/span_Cuenta y listas' is clickable

2023-11-16 15:14:18 - [MESSAGE][PASSED] - Object 'Object Repository/Amazon/Login/Page_Amazon.es compra online de electrnica, libros, deporte, hogar, moda y mucho ms/span_Cuenta y listas' is clickable

2023-11-16 15:14:18 - [TEST_STEP][PASSED] - if (mi_cuenta): Object: 'Object Repository/Amazon/Login/Page_Amazon.es compra online de electrnica, libros, deporte, hogar, moda y mucho ms/span_Cuenta y listas' is clicked on

2023-11-16 15:14:18 - [TEST_STEP][PASSED] - click(findTestObject("Amazon/Login/Page_Amazon.es compra online de electrnica, libros, deporte, hogar, moda y mucho ms/span_Cuenta y listas")): Object: 'Object Repository/Amazon/Login/Page_Amazon.es compra online de electrnica, libros, deporte, hogar, moda y mucho ms/span_Cuenta y listas' is clicked on

2023-11-16 15:14:20 - [MESSAGE][PASSED] - Object: 'Object Repository/Amazon/Login/Page_Amazon.es compra online de electrnica, libros, deporte, hogar, moda y mucho ms/span_Cuenta y listas' is clicked on

2023-11-16 15:14:20 - [MESSAGE][PASSED] - Call Test Case 'Test Cases/Test_2/Amazon_account' successfully

2023-11-16 15:14:20 - [TEST_STEP][PASSED] - callTestCase(findTestCase("Test_2/Amazon_login"), [:], STOP_ON_FAILURE): Call Test Case 'Test Cases/Test_2/Amazon_login' successfully

2023-11-16 15:14:20 - [TEST_CASE][PASSED] - Test Cases/Test_2/Amazon_login: Test Cases/Test_2/Amazon_login

2023-11-16 15:14:20 - [TEST_STEP][PASSED] - setText(findTestObject("Amazon/Login/Page_Iniciar sesin en Amazon/input_Direccin de e-mail o nmero de telfono mvil_email"), emailLogin): Text '' is set on object 'Object Repository/Amazon/Login/Page_Iniciar sesin en Amazon/input_Direccin de e-mail o nmero de telfono mvil_email'

2023-11-16 15:14:21 - [MESSAGE][PASSED] - Text '' is set on object 'Object Repository/Amazon/Login/Page_Iniciar sesin en Amazon/input_Direccin de e-mail o nmero de telfono mvil_email'

2023-11-16 15:14:21 - [TEST_STEP][PASSED] - submit(findTestObject("Amazon/Login/Page_Iniciar sesin en Amazon/input_Direccin de e-mail o nmero de telfono mvil_email")): The form containing object: 'Object Repository/Amazon/Login/Page_Iniciar sesin en Amazon/input_Direccin de e-mail o nmero de telfono mvil_email' is submitted

2023-11-16 15:14:21 - [MESSAGE][PASSED] - The form containing object: 'Object Repository/Amazon/Login/Page_Iniciar sesin en Amazon/input_Direccin de e-mail o nmero de telfono mvil_email' is submitted

2023-11-16 15:14:21 - [TEST_STEP][PASSED] - setText(findTestObject("Amazon/Login/Page_Iniciar sesin en Amazon/input_Has olvidado la contrasea_password"), passLogin): Text '' is set on object 'Object Repository/Amazon/Login/Page_Iniciar sesin en Amazon/input_Has olvidado la contrasea_password'

2023-11-16 15:14:53 - [MESSAGE][INFO] - Unable to find the element located by 'By.xpath: //input[@id='ap_password']'. Please recheck the objects properties to make sure the desired element is located. 

2023-11-16 15:14:53 - [MESSAGE][WARNING] - [SELF-HEALING] Failed to find element with id 'Object Repository/Amazon/Login/Page_Iniciar sesin en Amazon/input_Has olvidado la contrasea_password'. Try using Self-healing.

2023-11-16 15:14:53 - [MESSAGE][INFO] - [SELF-HEALING] Failed Locator: '//input[@id='ap_password']'.

2023-11-16 15:14:53 - [MESSAGE][INFO] - [SELF-HEALING] Failed Locator: '//div[@id='authportal-main-section']/div[2]/div/div[2]/div/form/div/div/input'.

2023-11-16 15:14:53 - [MESSAGE][INFO] - [SELF-HEALING] Working Locator: '//div/div/input'.

2023-11-16 15:14:54 - [MESSAGE][INFO] - [SELF-HEALING] Screenshot: C:/Users/abautite/Katalon Studio/Prueba Automatizacion/Reports/Self-healing/Object Repository/Amazon/Login/Page_Iniciar sesin en Amazon/input_Has olvidado la contrasea_password_position.png

2023-11-16 15:14:54 - [MESSAGE][WARNING] - [SELF-HEALING] The current locator of test object 'Object Repository/Amazon/Login/Page_Iniciar sesin en Amazon/input_Has olvidado la contrasea_password' was broken. Propose an alternative one: '//div/div/input'.

2023-11-16 15:15:25 - [MESSAGE][INFO] - Unable to find the element located by 'By.xpath: //input[@id='ap_password']'. Please recheck the objects properties to make sure the desired element is located. 

2023-11-16 15:15:25 - [MESSAGE][WARNING] - [SELF-HEALING] Failed to find element with id 'Object Repository/Amazon/Login/Page_Iniciar sesin en Amazon/input_Has olvidado la contrasea_password'. Try using Self-healing.

2023-11-16 15:15:25 - [MESSAGE][WARNING] - [SELF-HEALING] The current locator of test object 'Object Repository/Amazon/Login/Page_Iniciar sesin en Amazon/input_Has olvidado la contrasea_password' was broken. Propose an alternative one: '//div/div/input'.

2023-11-16 15:15:25 - [MESSAGE][PASSED] - Text '' is set on object 'Object Repository/Amazon/Login/Page_Iniciar sesin en Amazon/input_Has olvidado la contrasea_password'

2023-11-16 15:15:25 - [TEST_STEP][PASSED] - submit(findTestObject("Amazon/Login/Page_Iniciar sesin en Amazon/input_Has olvidado la contrasea_password")): The form containing object: 'Object Repository/Amazon/Login/Page_Iniciar sesin en Amazon/input_Has olvidado la contrasea_password' is submitted

2023-11-16 15:15:56 - [MESSAGE][INFO] - Unable to find the element located by 'By.xpath: //input[@id='ap_password']'. Please recheck the objects properties to make sure the desired element is located. 

2023-11-16 15:15:56 - [MESSAGE][WARNING] - [SELF-HEALING] Failed to find element with id 'Object Repository/Amazon/Login/Page_Iniciar sesin en Amazon/input_Has olvidado la contrasea_password'. Try using Self-healing.

2023-11-16 15:15:57 - [MESSAGE][WARNING] - [SELF-HEALING] The current locator of test object 'Object Repository/Amazon/Login/Page_Iniciar sesin en Amazon/input_Has olvidado la contrasea_password' was broken. Propose an alternative one: '//div/div/input'.

2023-11-16 15:15:57 - [MESSAGE][PASSED] - The form containing object: 'Object Repository/Amazon/Login/Page_Iniciar sesin en Amazon/input_Has olvidado la contrasea_password' is submitted

2023-11-16 15:15:57 - [MESSAGE][INFO] - 

2023-11-16 15:15:57 - [MESSAGE][INFO] - ===================== Self-healing Report ====================

2023-11-16 15:15:57 - [MESSAGE][INFO] - One of the failed test object locators has been recovered by Self-healing. Please refer to the Self-healing Insights tab for more details.

2023-11-16 15:15:57 - [MESSAGE][INFO] - To learn more about Self-healing, please read https://docs.katalon.com/katalon-studio/docs/self-healing.html

2023-11-16 15:15:57 - [MESSAGE][INFO] - ==============================================================

2023-11-16 15:15:57 - [MESSAGE][PASSED] - Call Test Case 'Test Cases/Test_2/Amazon_login' successfully

2023-11-16 15:15:57 - [TEST_STEP][PASSED] - com.helper.general.General.tearDown(): com.helper.general.General.tearDown is PASSED

2023-11-16 15:15:57 - [MESSAGE][PASSED] - Browser is closed

2023-11-16 15:15:57 - [MESSAGE][PASSED] - com.helper.general.General.tearDown is PASSED]]></system-out>
         <system-err><![CDATA[]]></system-err>
      </testcase>
      <testcase name="Test Cases/Test_3" time="23.955" classname="Test Cases/Test_3" status="PASSED">
         <system-out><![CDATA[2023-11-16 15:15:57 - [TEST_CASE][PASSED] - Test Cases/Test_3: Test Cases/Test_3

2023-11-16 15:15:57 - [TEST_STEP][PASSED] - com.helper.general.General.setup("https://www.amazon.es"): com.helper.general.General.setup is PASSED

2023-11-16 15:15:57 - [MESSAGE][INFO] - Starting 'Chrome' driver

2023-11-16 15:15:57 - [MESSAGE][INFO] - Action delay is set to 0 milliseconds

2023-11-16 15:16:00 - [MESSAGE][PASSED] - Browser is opened with url: 'https://www.amazon.es'

2023-11-16 15:16:00 - [MESSAGE][PASSED] - Current window maximized

2023-11-16 15:16:00 - [MESSAGE][PASSED] - Wait for page load successfully

2023-11-16 15:16:00 - [MESSAGE][PASSED] - com.helper.general.General.setup is PASSED

2023-11-16 15:16:00 - [TEST_STEP][PASSED] - callTestCase(findTestCase("Test_1/Amazon_cookies"), [:], STOP_ON_FAILURE): Call Test Case 'Test Cases/Test_1/Amazon_cookies' successfully

2023-11-16 15:16:00 - [TEST_CASE][PASSED] - Test Cases/Test_1/Amazon_cookies: Test Cases/Test_1/Amazon_cookies

2023-11-16 15:16:00 - [TEST_STEP][PASSED] - cookies = verifyElementClickable(findTestObject("Amazon/General/Page_Amazon.es Compresores de aire Bricolaje y herramientas/input_Se ha producido un problema al guardar tus preferencias de cookies. Intntalo de nuevo_accept")): Object 'Object Repository/Amazon/General/Page_Amazon.es Compresores de aire Bricolaje y herramientas/input_Se ha producido un problema al guardar tus preferencias de cookies. Intntalo de nuevo_accept' is clickable

2023-11-16 15:16:01 - [MESSAGE][PASSED] - Object 'Object Repository/Amazon/General/Page_Amazon.es Compresores de aire Bricolaje y herramientas/input_Se ha producido un problema al guardar tus preferencias de cookies. Intntalo de nuevo_accept' is clickable

2023-11-16 15:16:01 - [TEST_STEP][PASSED] - if (cookies): Object: 'Object Repository/Amazon/General/Page_Amazon.es Compresores de aire Bricolaje y herramientas/input_Se ha producido un problema al guardar tus preferencias de cookies. Intntalo de nuevo_accept' is clicked on

2023-11-16 15:16:01 - [TEST_STEP][PASSED] - click(findTestObject("Amazon/General/Page_Amazon.es Compresores de aire Bricolaje y herramientas/input_Se ha producido un problema al guardar tus preferencias de cookies. Intntalo de nuevo_accept")): Object: 'Object Repository/Amazon/General/Page_Amazon.es Compresores de aire Bricolaje y herramientas/input_Se ha producido un problema al guardar tus preferencias de cookies. Intntalo de nuevo_accept' is clicked on

2023-11-16 15:16:02 - [MESSAGE][PASSED] - Object: 'Object Repository/Amazon/General/Page_Amazon.es Compresores de aire Bricolaje y herramientas/input_Se ha producido un problema al guardar tus preferencias de cookies. Intntalo de nuevo_accept' is clicked on

2023-11-16 15:16:02 - [MESSAGE][PASSED] - Call Test Case 'Test Cases/Test_1/Amazon_cookies' successfully

2023-11-16 15:16:02 - [TEST_STEP][PASSED] - callTestCase(findTestCase("Test_2/Amazon_account"), [:], STOP_ON_FAILURE): Call Test Case 'Test Cases/Test_2/Amazon_account' successfully

2023-11-16 15:16:02 - [TEST_CASE][PASSED] - Test Cases/Test_2/Amazon_account: Test Cases/Test_2/Amazon_account

2023-11-16 15:16:02 - [TEST_STEP][PASSED] - mi_cuenta = verifyElementClickable(findTestObject("Amazon/Login/Page_Amazon.es compra online de electrnica, libros, deporte, hogar, moda y mucho ms/span_Cuenta y listas")): Object 'Object Repository/Amazon/Login/Page_Amazon.es compra online de electrnica, libros, deporte, hogar, moda y mucho ms/span_Cuenta y listas' is clickable

2023-11-16 15:16:03 - [MESSAGE][PASSED] - Object 'Object Repository/Amazon/Login/Page_Amazon.es compra online de electrnica, libros, deporte, hogar, moda y mucho ms/span_Cuenta y listas' is clickable

2023-11-16 15:16:03 - [TEST_STEP][PASSED] - if (mi_cuenta): Object: 'Object Repository/Amazon/Login/Page_Amazon.es compra online de electrnica, libros, deporte, hogar, moda y mucho ms/span_Cuenta y listas' is clicked on

2023-11-16 15:16:03 - [TEST_STEP][PASSED] - click(findTestObject("Amazon/Login/Page_Amazon.es compra online de electrnica, libros, deporte, hogar, moda y mucho ms/span_Cuenta y listas")): Object: 'Object Repository/Amazon/Login/Page_Amazon.es compra online de electrnica, libros, deporte, hogar, moda y mucho ms/span_Cuenta y listas' is clicked on

2023-11-16 15:16:05 - [MESSAGE][PASSED] - Object: 'Object Repository/Amazon/Login/Page_Amazon.es compra online de electrnica, libros, deporte, hogar, moda y mucho ms/span_Cuenta y listas' is clicked on

2023-11-16 15:16:05 - [MESSAGE][PASSED] - Call Test Case 'Test Cases/Test_2/Amazon_account' successfully

2023-11-16 15:16:05 - [TEST_STEP][PASSED] - callTestCase(findTestCase("Test_3/Amazon_register"), [:], STOP_ON_FAILURE): Call Test Case 'Test Cases/Test_3/Amazon_register' successfully

2023-11-16 15:16:05 - [TEST_CASE][PASSED] - Test Cases/Test_3/Amazon_register: Test Cases/Test_3/Amazon_register

2023-11-16 15:16:05 - [TEST_STEP][PASSED] - click(findTestObject("Amazon/Registro/Page_Iniciar sesin en Amazon/a_Crea tu cuenta de Amazon"), STOP_ON_FAILURE): Object: 'Object Repository/Amazon/Registro/Page_Iniciar sesin en Amazon/a_Crea tu cuenta de Amazon' is clicked on

2023-11-16 15:16:06 - [MESSAGE][PASSED] - Object: 'Object Repository/Amazon/Registro/Page_Iniciar sesin en Amazon/a_Crea tu cuenta de Amazon' is clicked on

2023-11-16 15:16:06 - [TEST_STEP][PASSED] - waitForElementVisible(findTestObject("Amazon/Registro/Page_Registro de Amazon/input_Nombre_customerName"), 5): Object 'Object Repository/Amazon/Registro/Page_Registro de Amazon/input_Nombre_customerName' is visible

2023-11-16 15:16:07 - [MESSAGE][PASSED] - Object 'Object Repository/Amazon/Registro/Page_Registro de Amazon/input_Nombre_customerName' is visible

2023-11-16 15:16:07 - [TEST_STEP][PASSED] - setText(findTestObject("Amazon/Registro/Page_Registro de Amazon/input_Nombre_customerName"), nameRegister): Text 'Juan Perez Lopez' is set on object 'Object Repository/Amazon/Registro/Page_Registro de Amazon/input_Nombre_customerName'

2023-11-16 15:16:08 - [MESSAGE][PASSED] - Text 'Juan Perez Lopez' is set on object 'Object Repository/Amazon/Registro/Page_Registro de Amazon/input_Nombre_customerName'

2023-11-16 15:16:08 - [TEST_STEP][PASSED] - callTestCase(findTestCase("Test_3/Temp Mail/Get_temp_mail"), [:], STOP_ON_FAILURE): Call Test Case 'Test Cases/Test_3/Temp Mail/Get_temp_mail' successfully

2023-11-16 15:16:08 - [TEST_CASE][PASSED] - Test Cases/Test_3/Temp Mail/Get_temp_mail: Test Cases/Test_3/Temp Mail/Get_temp_mail

2023-11-16 15:16:08 - [TEST_STEP][PASSED] - executeJavaScript("window.open()", []): Execute JavaScript 'window.open()' successfully

2023-11-16 15:16:08 - [MESSAGE][PASSED] - Execute JavaScript 'window.open()' successfully

2023-11-16 15:16:08 - [TEST_STEP][PASSED] - switchToWindowIndex(1): Switched to window with index: '1'

2023-11-16 15:16:08 - [MESSAGE][PASSED] - Switched to window with index: '1'

2023-11-16 15:16:08 - [TEST_STEP][PASSED] - navigateToUrl("https://temp-mail.org/es/"): Navigate to 'https://temp-mail.org/es/' successfully

2023-11-16 15:16:11 - [MESSAGE][PASSED] - Navigate to 'https://temp-mail.org/es/' successfully

2023-11-16 15:16:11 - [TEST_STEP][PASSED] - present = waitForElementPresent(findTestObject("TempMail/Page_Direcciones de correo electrnicos temporales y desechables/input_Tu direccin de correo electrnico temporal_mail"), 30): Object 'Object Repository/TempMail/Page_Direcciones de correo electrnicos temporales y desechables/input_Tu direccin de correo electrnico temporal_mail' is present

2023-11-16 15:16:17 - [MESSAGE][PASSED] - Object 'Object Repository/TempMail/Page_Direcciones de correo electrnicos temporales y desechables/input_Tu direccin de correo electrnico temporal_mail' is present

2023-11-16 15:16:18 - [TEST_STEP][PASSED] - if (present): Text of object 'Object Repository/TempMail/Page_Direcciones de correo electrnicos temporales y desechables/input_Tu direccin de correo electrnico temporal_mail' is: ''

2023-11-16 15:16:18 - [TEST_STEP][PASSED] - emailRegister = getText(findTestObject("TempMail/Page_Direcciones de correo electrnicos temporales y desechables/input_Tu direccin de correo electrnico temporal_mail")): Text of object 'Object Repository/TempMail/Page_Direcciones de correo electrnicos temporales y desechables/input_Tu direccin de correo electrnico temporal_mail' is: ''

2023-11-16 15:16:18 - [MESSAGE][PASSED] - Text of object 'Object Repository/TempMail/Page_Direcciones de correo electrnicos temporales y desechables/input_Tu direccin de correo electrnico temporal_mail' is: ''

2023-11-16 15:16:18 - [TEST_STEP][PASSED] - switchToWindowIndex(0): Switched to window with index: '0'

2023-11-16 15:16:18 - [MESSAGE][PASSED] - Switched to window with index: '0'

2023-11-16 15:16:18 - [MESSAGE][PASSED] - Call Test Case 'Test Cases/Test_3/Temp Mail/Get_temp_mail' successfully

2023-11-16 15:16:18 - [TEST_STEP][PASSED] - if (emailRegister != "" || emailRegister != null): Text '' is set on object 'Object Repository/Amazon/Registro/Page_Registro de Amazon/input_ES 34_email'

2023-11-16 15:16:18 - [TEST_STEP][PASSED] - setText(findTestObject("Amazon/Registro/Page_Registro de Amazon/input_ES 34_email"), emailRegister): Text '' is set on object 'Object Repository/Amazon/Registro/Page_Registro de Amazon/input_ES 34_email'

2023-11-16 15:16:19 - [MESSAGE][PASSED] - Text '' is set on object 'Object Repository/Amazon/Registro/Page_Registro de Amazon/input_ES 34_email'

2023-11-16 15:16:19 - [TEST_STEP][PASSED] - setText(findTestObject("Amazon/Registro/Page_Registro de Amazon/input_Contrasea_password"), passRegister): Text 'contrase1' is set on object 'Object Repository/Amazon/Registro/Page_Registro de Amazon/input_Contrasea_password'

2023-11-16 15:16:20 - [MESSAGE][PASSED] - Text 'contrase1' is set on object 'Object Repository/Amazon/Registro/Page_Registro de Amazon/input_Contrasea_password'

2023-11-16 15:16:20 - [TEST_STEP][PASSED] - setText(findTestObject("Amazon/Registro/Page_Registro de Amazon/input_Confirma tu contrasea_passwordCheck"), passRegister): Text 'contrase1' is set on object 'Object Repository/Amazon/Registro/Page_Registro de Amazon/input_Confirma tu contrasea_passwordCheck'

2023-11-16 15:16:20 - [MESSAGE][PASSED] - Text 'contrase1' is set on object 'Object Repository/Amazon/Registro/Page_Registro de Amazon/input_Confirma tu contrasea_passwordCheck'

2023-11-16 15:16:20 - [TEST_STEP][PASSED] - submit(findTestObject("Amazon/Registro/Page_Registro de Amazon/input_Confirma tu contrasea_passwordCheck")): The form containing object: 'Object Repository/Amazon/Registro/Page_Registro de Amazon/input_Confirma tu contrasea_passwordCheck' is submitted

2023-11-16 15:16:21 - [MESSAGE][PASSED] - The form containing object: 'Object Repository/Amazon/Registro/Page_Registro de Amazon/input_Confirma tu contrasea_passwordCheck' is submitted

2023-11-16 15:16:21 - [MESSAGE][PASSED] - Call Test Case 'Test Cases/Test_3/Amazon_register' successfully]]></system-out>
         <system-err><![CDATA[]]></system-err>
      </testcase>
      <system-out><![CDATA[2023-11-16 15:13:07 - [TEST_SUITE][PASSED] - Tests_prueba: Test Cases/Test_3]]></system-out>
      <system-err><![CDATA[]]></system-err>
   </testsuite>
</testsuites>
